Loading: 
Loading: 0 packages loaded
Analyzing: 6 targets (0 packages loaded, 0 targets configured)
DEBUG: /private/var/tmp/_bazel_ecem/67bf397ae4406c40bbcd4ddf008bc8ac/external/build_bazel_rules_nodejs/internal/linker/link_node_modules.bzl:19:14: [link_node_modules.bzl] No LinkablePackageInfo for @npm//@protobufjs/base64:base64__nested_node_modules
DEBUG: /private/var/tmp/_bazel_ecem/67bf397ae4406c40bbcd4ddf008bc8ac/external/build_bazel_rules_nodejs/internal/linker/link_node_modules.bzl:19:14: [link_node_modules.bzl] No LinkablePackageInfo for @npm//@protobufjs/base64:base64__files
DEBUG: /private/var/tmp/_bazel_ecem/67bf397ae4406c40bbcd4ddf008bc8ac/external/build_bazel_rules_nodejs/internal/linker/link_node_modules.bzl:19:14: [link_node_modules.bzl] No LinkablePackageInfo for @npm//@protobufjs/base64:base64__contents
DEBUG: /private/var/tmp/_bazel_ecem/67bf397ae4406c40bbcd4ddf008bc8ac/external/build_bazel_rules_nodejs/internal/linker/link_node_modules.bzl:19:14: [link_node_modules.bzl] No LinkablePackageInfo for @npm//@protobufjs/pool:pool__files
DEBUG: /private/var/tmp/_bazel_ecem/67bf397ae4406c40bbcd4ddf008bc8ac/external/build_bazel_rules_nodejs/internal/linker/link_node_modules.bzl:19:14: [link_node_modules.bzl] No LinkablePackageInfo for @npm//@protobufjs/pool:pool__nested_node_modules
DEBUG: /private/var/tmp/_bazel_ecem/67bf397ae4406c40bbcd4ddf008bc8ac/external/build_bazel_rules_nodejs/internal/linker/link_node_modules.bzl:19:14: [link_node_modules.bzl] No LinkablePackageInfo for @npm//@protobufjs/pool:pool__contents
DEBUG: /private/var/tmp/_bazel_ecem/67bf397ae4406c40bbcd4ddf008bc8ac/external/build_bazel_rules_nodejs/internal/linker/link_node_modules.bzl:19:14: [link_node_modules.bzl] No LinkablePackageInfo for @npm//@protobufjs/codegen:codegen__files
DEBUG: /private/var/tmp/_bazel_ecem/67bf397ae4406c40bbcd4ddf008bc8ac/external/build_bazel_rules_nodejs/internal/linker/link_node_modules.bzl:19:14: [link_node_modules.bzl] No LinkablePackageInfo for @npm//@protobufjs/codegen:codegen__nested_node_modules
DEBUG: /private/var/tmp/_bazel_ecem/67bf397ae4406c40bbcd4ddf008bc8ac/external/build_bazel_rules_nodejs/internal/linker/link_node_modules.bzl:19:14: [link_node_modules.bzl] No LinkablePackageInfo for @npm//@protobufjs/codegen:codegen__contents
DEBUG: /private/var/tmp/_bazel_ecem/67bf397ae4406c40bbcd4ddf008bc8ac/external/build_bazel_rules_nodejs/internal/linker/link_node_modules.bzl:19:14: [link_node_modules.bzl] No LinkablePackageInfo for @npm//tsutils:tsutils__nested_node_modules
DEBUG: /private/var/tmp/_bazel_ecem/67bf397ae4406c40bbcd4ddf008bc8ac/external/build_bazel_rules_nodejs/internal/linker/link_node_modules.bzl:19:14: [link_node_modules.bzl] No LinkablePackageInfo for @npm//tsutils:tsutils__files
DEBUG: /private/var/tmp/_bazel_ecem/67bf397ae4406c40bbcd4ddf008bc8ac/external/build_bazel_rules_nodejs/internal/linker/link_node_modules.bzl:19:14: [link_node_modules.bzl] No LinkablePackageInfo for @npm//tsutils:tsutils__contents
DEBUG: /private/var/tmp/_bazel_ecem/67bf397ae4406c40bbcd4ddf008bc8ac/external/build_bazel_rules_nodejs/internal/linker/link_node_modules.bzl:19:14: [link_node_modules.bzl] No LinkablePackageInfo for @npm//buffer-from:buffer-from__files
DEBUG: /private/var/tmp/_bazel_ecem/67bf397ae4406c40bbcd4ddf008bc8ac/external/build_bazel_rules_nodejs/internal/linker/link_node_modules.bzl:19:14: [link_node_modules.bzl] No LinkablePackageInfo for @npm//buffer-from:buffer-from__nested_node_modules
DEBUG: /private/var/tmp/_bazel_ecem/67bf397ae4406c40bbcd4ddf008bc8ac/external/build_bazel_rules_nodejs/internal/linker/link_node_modules.bzl:19:14: [link_node_modules.bzl] No LinkablePackageInfo for @npm//buffer-from:buffer-from__contents
DEBUG: /private/var/tmp/_bazel_ecem/67bf397ae4406c40bbcd4ddf008bc8ac/external/build_bazel_rules_nodejs/internal/linker/link_node_modules.bzl:19:14: [link_node_modules.bzl] No LinkablePackageInfo for @npm//@types/long:long__nested_node_modules
DEBUG: /private/var/tmp/_bazel_ecem/67bf397ae4406c40bbcd4ddf008bc8ac/external/build_bazel_rules_nodejs/internal/linker/link_node_modules.bzl:19:14: [link_node_modules.bzl] No LinkablePackageInfo for @npm//@types/long:long__files
DEBUG: /private/var/tmp/_bazel_ecem/67bf397ae4406c40bbcd4ddf008bc8ac/external/build_bazel_rules_nodejs/internal/linker/link_node_modules.bzl:19:14: [link_node_modules.bzl] No LinkablePackageInfo for @npm//@types/long:long__contents
DEBUG: /private/var/tmp/_bazel_ecem/67bf397ae4406c40bbcd4ddf008bc8ac/external/build_bazel_rules_nodejs/internal/linker/link_node_modules.bzl:19:14: [link_node_modules.bzl] No LinkablePackageInfo for @npm//source-map:source-map__files
DEBUG: /private/var/tmp/_bazel_ecem/67bf397ae4406c40bbcd4ddf008bc8ac/external/build_bazel_rules_nodejs/internal/linker/link_node_modules.bzl:19:14: [link_node_modules.bzl] No LinkablePackageInfo for @npm//source-map:source-map__nested_node_modules
DEBUG: /private/var/tmp/_bazel_ecem/67bf397ae4406c40bbcd4ddf008bc8ac/external/build_bazel_rules_nodejs/internal/linker/link_node_modules.bzl:19:14: [link_node_modules.bzl] No LinkablePackageInfo for @npm//source-map:source-map__contents
DEBUG: /private/var/tmp/_bazel_ecem/67bf397ae4406c40bbcd4ddf008bc8ac/external/build_bazel_rules_nodejs/internal/linker/link_node_modules.bzl:19:14: [link_node_modules.bzl] No LinkablePackageInfo for @npm//source-map-support:source-map-support__files
DEBUG: /private/var/tmp/_bazel_ecem/67bf397ae4406c40bbcd4ddf008bc8ac/external/build_bazel_rules_nodejs/internal/linker/link_node_modules.bzl:19:14: [link_node_modules.bzl] No LinkablePackageInfo for @npm//source-map-support:source-map-support__nested_node_modules
DEBUG: /private/var/tmp/_bazel_ecem/67bf397ae4406c40bbcd4ddf008bc8ac/external/build_bazel_rules_nodejs/internal/linker/link_node_modules.bzl:19:14: [link_node_modules.bzl] No LinkablePackageInfo for @npm//source-map-support:source-map-support__contents
DEBUG: /private/var/tmp/_bazel_ecem/67bf397ae4406c40bbcd4ddf008bc8ac/external/build_bazel_rules_nodejs/internal/linker/link_node_modules.bzl:19:14: [link_node_modules.bzl] No LinkablePackageInfo for @npm//@protobufjs/fetch:fetch__nested_node_modules
DEBUG: /private/var/tmp/_bazel_ecem/67bf397ae4406c40bbcd4ddf008bc8ac/external/build_bazel_rules_nodejs/internal/linker/link_node_modules.bzl:19:14: [link_node_modules.bzl] No LinkablePackageInfo for @npm//@protobufjs/fetch:fetch__files
DEBUG: /private/var/tmp/_bazel_ecem/67bf397ae4406c40bbcd4ddf008bc8ac/external/build_bazel_rules_nodejs/internal/linker/link_node_modules.bzl:19:14: [link_node_modules.bzl] No LinkablePackageInfo for @npm//@protobufjs/fetch:fetch__contents
DEBUG: /private/var/tmp/_bazel_ecem/67bf397ae4406c40bbcd4ddf008bc8ac/external/build_bazel_rules_nodejs/internal/linker/link_node_modules.bzl:19:14: [link_node_modules.bzl] No LinkablePackageInfo for @npm//@protobufjs/eventemitter:eventemitter__files
DEBUG: /private/var/tmp/_bazel_ecem/67bf397ae4406c40bbcd4ddf008bc8ac/external/build_bazel_rules_nodejs/internal/linker/link_node_modules.bzl:19:14: [link_node_modules.bzl] No LinkablePackageInfo for @npm//@protobufjs/eventemitter:eventemitter__nested_node_modules
DEBUG: /private/var/tmp/_bazel_ecem/67bf397ae4406c40bbcd4ddf008bc8ac/external/build_bazel_rules_nodejs/internal/linker/link_node_modules.bzl:19:14: [link_node_modules.bzl] No LinkablePackageInfo for @npm//@protobufjs/eventemitter:eventemitter__contents
DEBUG: /private/var/tmp/_bazel_ecem/67bf397ae4406c40bbcd4ddf008bc8ac/external/build_bazel_rules_nodejs/internal/linker/link_node_modules.bzl:19:14: [link_node_modules.bzl] No LinkablePackageInfo for @npm//@protobufjs/path:path__nested_node_modules
DEBUG: /private/var/tmp/_bazel_ecem/67bf397ae4406c40bbcd4ddf008bc8ac/external/build_bazel_rules_nodejs/internal/linker/link_node_modules.bzl:19:14: [link_node_modules.bzl] No LinkablePackageInfo for @npm//@protobufjs/path:path__files
DEBUG: /private/var/tmp/_bazel_ecem/67bf397ae4406c40bbcd4ddf008bc8ac/external/build_bazel_rules_nodejs/internal/linker/link_node_modules.bzl:19:14: [link_node_modules.bzl] No LinkablePackageInfo for @npm//@protobufjs/path:path__contents
DEBUG: /private/var/tmp/_bazel_ecem/67bf397ae4406c40bbcd4ddf008bc8ac/external/build_bazel_rules_nodejs/internal/linker/link_node_modules.bzl:19:14: [link_node_modules.bzl] No LinkablePackageInfo for @npm//@bazel/typescript:typescript__nested_node_modules
DEBUG: /private/var/tmp/_bazel_ecem/67bf397ae4406c40bbcd4ddf008bc8ac/external/build_bazel_rules_nodejs/internal/linker/link_node_modules.bzl:19:14: [link_node_modules.bzl] No LinkablePackageInfo for @npm//@bazel/typescript:typescript__files
DEBUG: /private/var/tmp/_bazel_ecem/67bf397ae4406c40bbcd4ddf008bc8ac/external/build_bazel_rules_nodejs/internal/linker/link_node_modules.bzl:19:14: [link_node_modules.bzl] No LinkablePackageInfo for @npm//@bazel/typescript:typescript__contents
DEBUG: /private/var/tmp/_bazel_ecem/67bf397ae4406c40bbcd4ddf008bc8ac/external/build_bazel_rules_nodejs/internal/linker/link_node_modules.bzl:19:14: [link_node_modules.bzl] No LinkablePackageInfo for @npm//@protobufjs/inquire:inquire__nested_node_modules
DEBUG: /private/var/tmp/_bazel_ecem/67bf397ae4406c40bbcd4ddf008bc8ac/external/build_bazel_rules_nodejs/internal/linker/link_node_modules.bzl:19:14: [link_node_modules.bzl] No LinkablePackageInfo for @npm//@protobufjs/inquire:inquire__files
DEBUG: /private/var/tmp/_bazel_ecem/67bf397ae4406c40bbcd4ddf008bc8ac/external/build_bazel_rules_nodejs/internal/linker/link_node_modules.bzl:19:14: [link_node_modules.bzl] No LinkablePackageInfo for @npm//@protobufjs/inquire:inquire__contents
DEBUG: /private/var/tmp/_bazel_ecem/67bf397ae4406c40bbcd4ddf008bc8ac/external/build_bazel_rules_nodejs/internal/linker/link_node_modules.bzl:19:14: [link_node_modules.bzl] No LinkablePackageInfo for @npm//@protobufjs/float:float__nested_node_modules
DEBUG: /private/var/tmp/_bazel_ecem/67bf397ae4406c40bbcd4ddf008bc8ac/external/build_bazel_rules_nodejs/internal/linker/link_node_modules.bzl:19:14: [link_node_modules.bzl] No LinkablePackageInfo for @npm//@protobufjs/float:float__files
DEBUG: /private/var/tmp/_bazel_ecem/67bf397ae4406c40bbcd4ddf008bc8ac/external/build_bazel_rules_nodejs/internal/linker/link_node_modules.bzl:19:14: [link_node_modules.bzl] No LinkablePackageInfo for @npm//@protobufjs/float:float__contents
DEBUG: /private/var/tmp/_bazel_ecem/67bf397ae4406c40bbcd4ddf008bc8ac/external/build_bazel_rules_nodejs/internal/linker/link_node_modules.bzl:19:14: [link_node_modules.bzl] No LinkablePackageInfo for @npm//@protobufjs/utf8:utf8__files
DEBUG: /private/var/tmp/_bazel_ecem/67bf397ae4406c40bbcd4ddf008bc8ac/external/build_bazel_rules_nodejs/internal/linker/link_node_modules.bzl:19:14: [link_node_modules.bzl] No LinkablePackageInfo for @npm//@protobufjs/utf8:utf8__nested_node_modules
DEBUG: /private/var/tmp/_bazel_ecem/67bf397ae4406c40bbcd4ddf008bc8ac/external/build_bazel_rules_nodejs/internal/linker/link_node_modules.bzl:19:14: [link_node_modules.bzl] No LinkablePackageInfo for @npm//@protobufjs/utf8:utf8__contents
DEBUG: /private/var/tmp/_bazel_ecem/67bf397ae4406c40bbcd4ddf008bc8ac/external/build_bazel_rules_nodejs/internal/linker/link_node_modules.bzl:19:14: [link_node_modules.bzl] No LinkablePackageInfo for @npm//@protobufjs/aspromise:aspromise__nested_node_modules
DEBUG: /private/var/tmp/_bazel_ecem/67bf397ae4406c40bbcd4ddf008bc8ac/external/build_bazel_rules_nodejs/internal/linker/link_node_modules.bzl:19:14: [link_node_modules.bzl] No LinkablePackageInfo for @npm//@protobufjs/aspromise:aspromise__files
DEBUG: /private/var/tmp/_bazel_ecem/67bf397ae4406c40bbcd4ddf008bc8ac/external/build_bazel_rules_nodejs/internal/linker/link_node_modules.bzl:19:14: [link_node_modules.bzl] No LinkablePackageInfo for @npm//@protobufjs/aspromise:aspromise__contents
DEBUG: /private/var/tmp/_bazel_ecem/67bf397ae4406c40bbcd4ddf008bc8ac/external/build_bazel_rules_nodejs/internal/linker/link_node_modules.bzl:19:14: [link_node_modules.bzl] No LinkablePackageInfo for @npm//long:long__files
DEBUG: /private/var/tmp/_bazel_ecem/67bf397ae4406c40bbcd4ddf008bc8ac/external/build_bazel_rules_nodejs/internal/linker/link_node_modules.bzl:19:14: [link_node_modules.bzl] No LinkablePackageInfo for @npm//long:long__nested_node_modules
DEBUG: /private/var/tmp/_bazel_ecem/67bf397ae4406c40bbcd4ddf008bc8ac/external/build_bazel_rules_nodejs/internal/linker/link_node_modules.bzl:19:14: [link_node_modules.bzl] No LinkablePackageInfo for @npm//long:long__contents
DEBUG: /private/var/tmp/_bazel_ecem/67bf397ae4406c40bbcd4ddf008bc8ac/external/build_bazel_rules_nodejs/internal/linker/link_node_modules.bzl:19:14: [link_node_modules.bzl] No LinkablePackageInfo for @npm//semver:semver__files
DEBUG: /private/var/tmp/_bazel_ecem/67bf397ae4406c40bbcd4ddf008bc8ac/external/build_bazel_rules_nodejs/internal/linker/link_node_modules.bzl:19:14: [link_node_modules.bzl] No LinkablePackageInfo for @npm//semver:semver__nested_node_modules
DEBUG: /private/var/tmp/_bazel_ecem/67bf397ae4406c40bbcd4ddf008bc8ac/external/build_bazel_rules_nodejs/internal/linker/link_node_modules.bzl:19:14: [link_node_modules.bzl] No LinkablePackageInfo for @npm//semver:semver__contents
DEBUG: /private/var/tmp/_bazel_ecem/67bf397ae4406c40bbcd4ddf008bc8ac/external/build_bazel_rules_nodejs/internal/linker/link_node_modules.bzl:19:14: [link_node_modules.bzl] No LinkablePackageInfo for @npm//protobufjs:protobufjs__nested_node_modules
DEBUG: /private/var/tmp/_bazel_ecem/67bf397ae4406c40bbcd4ddf008bc8ac/external/build_bazel_rules_nodejs/internal/linker/link_node_modules.bzl:19:14: [link_node_modules.bzl] No LinkablePackageInfo for @npm//protobufjs:protobufjs__files
DEBUG: /private/var/tmp/_bazel_ecem/67bf397ae4406c40bbcd4ddf008bc8ac/external/build_bazel_rules_nodejs/internal/linker/link_node_modules.bzl:19:14: [link_node_modules.bzl] No LinkablePackageInfo for @npm//protobufjs:protobufjs__contents
DEBUG: /private/var/tmp/_bazel_ecem/67bf397ae4406c40bbcd4ddf008bc8ac/external/build_bazel_rules_nodejs/internal/linker/link_node_modules.bzl:19:14: [link_node_modules.bzl] No LinkablePackageInfo for @npm//@types/node:node__files
DEBUG: /private/var/tmp/_bazel_ecem/67bf397ae4406c40bbcd4ddf008bc8ac/external/build_bazel_rules_nodejs/internal/linker/link_node_modules.bzl:19:14: [link_node_modules.bzl] No LinkablePackageInfo for @npm//@types/node:node__nested_node_modules
DEBUG: /private/var/tmp/_bazel_ecem/67bf397ae4406c40bbcd4ddf008bc8ac/external/build_bazel_rules_nodejs/internal/linker/link_node_modules.bzl:19:14: [link_node_modules.bzl] No LinkablePackageInfo for @npm//@types/node:node__contents
DEBUG: /private/var/tmp/_bazel_ecem/67bf397ae4406c40bbcd4ddf008bc8ac/external/build_bazel_rules_nodejs/internal/linker/link_node_modules.bzl:19:14: [link_node_modules.bzl] No LinkablePackageInfo for @npm//tslib:tslib__nested_node_modules
DEBUG: /private/var/tmp/_bazel_ecem/67bf397ae4406c40bbcd4ddf008bc8ac/external/build_bazel_rules_nodejs/internal/linker/link_node_modules.bzl:19:14: [link_node_modules.bzl] No LinkablePackageInfo for @npm//tslib:tslib__files
DEBUG: /private/var/tmp/_bazel_ecem/67bf397ae4406c40bbcd4ddf008bc8ac/external/build_bazel_rules_nodejs/internal/linker/link_node_modules.bzl:19:14: [link_node_modules.bzl] No LinkablePackageInfo for @npm//tslib:tslib__contents
DEBUG: /private/var/tmp/_bazel_ecem/67bf397ae4406c40bbcd4ddf008bc8ac/external/build_bazel_rules_nodejs/internal/linker/link_node_modules.bzl:19:14: [link_node_modules.bzl] No LinkablePackageInfo for @npm//typescript:typescript__files
DEBUG: /private/var/tmp/_bazel_ecem/67bf397ae4406c40bbcd4ddf008bc8ac/external/build_bazel_rules_nodejs/internal/linker/link_node_modules.bzl:19:14: [link_node_modules.bzl] No LinkablePackageInfo for @npm//typescript:typescript__nested_node_modules
DEBUG: /private/var/tmp/_bazel_ecem/67bf397ae4406c40bbcd4ddf008bc8ac/external/build_bazel_rules_nodejs/internal/linker/link_node_modules.bzl:19:14: [link_node_modules.bzl] No LinkablePackageInfo for @npm//typescript:typescript__contents
DEBUG: /private/var/tmp/_bazel_ecem/67bf397ae4406c40bbcd4ddf008bc8ac/external/build_bazel_rules_nodejs/internal/linker/link_node_modules.bzl:19:14: [link_node_modules.bzl] No LinkablePackageInfo for @npm//@bazel/typescript:typescript
DEBUG: /private/var/tmp/_bazel_ecem/67bf397ae4406c40bbcd4ddf008bc8ac/external/build_bazel_rules_nodejs/internal/common/module_mappings.bzl:41:14: [module_mappings.bzl] Mappings at @npm//@types/node:node__nested_node_modules: {}
DEBUG: /private/var/tmp/_bazel_ecem/67bf397ae4406c40bbcd4ddf008bc8ac/external/build_bazel_rules_nodejs/internal/common/module_mappings.bzl:41:14: [module_mappings.bzl] Mappings at @npm//@types/node:node__files: {}
DEBUG: /private/var/tmp/_bazel_ecem/67bf397ae4406c40bbcd4ddf008bc8ac/external/build_bazel_rules_nodejs/internal/common/module_mappings.bzl:41:14: [module_mappings.bzl] Mappings at @npm//@types/node:node__contents: {}
DEBUG: /private/var/tmp/_bazel_ecem/67bf397ae4406c40bbcd4ddf008bc8ac/external/build_bazel_rules_nodejs/internal/common/module_mappings.bzl:41:14: [module_mappings.bzl] Mappings at @npm//@protobufjs/aspromise:aspromise__files: {}
DEBUG: /private/var/tmp/_bazel_ecem/67bf397ae4406c40bbcd4ddf008bc8ac/external/build_bazel_rules_nodejs/internal/common/module_mappings.bzl:41:14: [module_mappings.bzl] Mappings at @npm//@protobufjs/aspromise:aspromise__nested_node_modules: {}
DEBUG: /private/var/tmp/_bazel_ecem/67bf397ae4406c40bbcd4ddf008bc8ac/external/build_bazel_rules_nodejs/internal/common/module_mappings.bzl:41:14: [module_mappings.bzl] Mappings at @npm//@protobufjs/aspromise:aspromise__contents: {}
DEBUG: /private/var/tmp/_bazel_ecem/67bf397ae4406c40bbcd4ddf008bc8ac/external/build_bazel_rules_nodejs/internal/common/module_mappings.bzl:41:14: [module_mappings.bzl] Mappings at @npm//long:long__nested_node_modules: {}
DEBUG: /private/var/tmp/_bazel_ecem/67bf397ae4406c40bbcd4ddf008bc8ac/external/build_bazel_rules_nodejs/internal/common/module_mappings.bzl:41:14: [module_mappings.bzl] Mappings at @npm//long:long__files: {}
DEBUG: /private/var/tmp/_bazel_ecem/67bf397ae4406c40bbcd4ddf008bc8ac/external/build_bazel_rules_nodejs/internal/common/module_mappings.bzl:41:14: [module_mappings.bzl] Mappings at @npm//long:long__contents: {}
DEBUG: /private/var/tmp/_bazel_ecem/67bf397ae4406c40bbcd4ddf008bc8ac/external/build_bazel_rules_nodejs/internal/common/module_mappings.bzl:41:14: [module_mappings.bzl] Mappings at @npm//semver:semver__files: {}
DEBUG: /private/var/tmp/_bazel_ecem/67bf397ae4406c40bbcd4ddf008bc8ac/external/build_bazel_rules_nodejs/internal/common/module_mappings.bzl:41:14: [module_mappings.bzl] Mappings at @npm//semver:semver__nested_node_modules: {}
DEBUG: /private/var/tmp/_bazel_ecem/67bf397ae4406c40bbcd4ddf008bc8ac/external/build_bazel_rules_nodejs/internal/common/module_mappings.bzl:41:14: [module_mappings.bzl] Mappings at @npm//semver:semver__contents: {}
DEBUG: /private/var/tmp/_bazel_ecem/67bf397ae4406c40bbcd4ddf008bc8ac/external/build_bazel_rules_nodejs/internal/common/module_mappings.bzl:41:14: [module_mappings.bzl] Mappings at @npm//@bazel/typescript:typescript__nested_node_modules: {}
DEBUG: /private/var/tmp/_bazel_ecem/67bf397ae4406c40bbcd4ddf008bc8ac/external/build_bazel_rules_nodejs/internal/common/module_mappings.bzl:41:14: [module_mappings.bzl] Mappings at @npm//@bazel/typescript:typescript__files: {}
DEBUG: /private/var/tmp/_bazel_ecem/67bf397ae4406c40bbcd4ddf008bc8ac/external/build_bazel_rules_nodejs/internal/common/module_mappings.bzl:41:14: [module_mappings.bzl] Mappings at @npm//@bazel/typescript:typescript__contents: {}
DEBUG: /private/var/tmp/_bazel_ecem/67bf397ae4406c40bbcd4ddf008bc8ac/external/build_bazel_rules_nodejs/internal/common/module_mappings.bzl:41:14: [module_mappings.bzl] Mappings at @npm//@protobufjs/utf8:utf8__files: {}
DEBUG: /private/var/tmp/_bazel_ecem/67bf397ae4406c40bbcd4ddf008bc8ac/external/build_bazel_rules_nodejs/internal/common/module_mappings.bzl:41:14: [module_mappings.bzl] Mappings at @npm//@protobufjs/utf8:utf8__nested_node_modules: {}
DEBUG: /private/var/tmp/_bazel_ecem/67bf397ae4406c40bbcd4ddf008bc8ac/external/build_bazel_rules_nodejs/internal/common/module_mappings.bzl:41:14: [module_mappings.bzl] Mappings at @npm//@protobufjs/utf8:utf8__contents: {}
DEBUG: /private/var/tmp/_bazel_ecem/67bf397ae4406c40bbcd4ddf008bc8ac/external/build_bazel_rules_nodejs/internal/common/module_mappings.bzl:41:14: [module_mappings.bzl] Mappings at @npm//@protobufjs/eventemitter:eventemitter__files: {}
DEBUG: /private/var/tmp/_bazel_ecem/67bf397ae4406c40bbcd4ddf008bc8ac/external/build_bazel_rules_nodejs/internal/common/module_mappings.bzl:41:14: [module_mappings.bzl] Mappings at @npm//@protobufjs/eventemitter:eventemitter__nested_node_modules: {}
DEBUG: /private/var/tmp/_bazel_ecem/67bf397ae4406c40bbcd4ddf008bc8ac/external/build_bazel_rules_nodejs/internal/common/module_mappings.bzl:41:14: [module_mappings.bzl] Mappings at @npm//@protobufjs/eventemitter:eventemitter__contents: {}
DEBUG: /private/var/tmp/_bazel_ecem/67bf397ae4406c40bbcd4ddf008bc8ac/external/build_bazel_rules_nodejs/internal/common/module_mappings.bzl:41:14: [module_mappings.bzl] Mappings at @npm//@protobufjs/path:path__files: {}
DEBUG: /private/var/tmp/_bazel_ecem/67bf397ae4406c40bbcd4ddf008bc8ac/external/build_bazel_rules_nodejs/internal/common/module_mappings.bzl:41:14: [module_mappings.bzl] Mappings at @npm//@protobufjs/path:path__nested_node_modules: {}
DEBUG: /private/var/tmp/_bazel_ecem/67bf397ae4406c40bbcd4ddf008bc8ac/external/build_bazel_rules_nodejs/internal/common/module_mappings.bzl:41:14: [module_mappings.bzl] Mappings at @npm//@protobufjs/path:path__contents: {}
DEBUG: /private/var/tmp/_bazel_ecem/67bf397ae4406c40bbcd4ddf008bc8ac/external/build_bazel_rules_nodejs/internal/common/module_mappings.bzl:41:14: [module_mappings.bzl] Mappings at @npm//source-map-support:source-map-support__nested_node_modules: {}
DEBUG: /private/var/tmp/_bazel_ecem/67bf397ae4406c40bbcd4ddf008bc8ac/external/build_bazel_rules_nodejs/internal/common/module_mappings.bzl:41:14: [module_mappings.bzl] Mappings at @npm//source-map-support:source-map-support__files: {}
DEBUG: /private/var/tmp/_bazel_ecem/67bf397ae4406c40bbcd4ddf008bc8ac/external/build_bazel_rules_nodejs/internal/common/module_mappings.bzl:41:14: [module_mappings.bzl] Mappings at @npm//source-map-support:source-map-support__contents: {}
DEBUG: /private/var/tmp/_bazel_ecem/67bf397ae4406c40bbcd4ddf008bc8ac/external/build_bazel_rules_nodejs/internal/common/module_mappings.bzl:41:14: [module_mappings.bzl] Mappings at @npm//@protobufjs/codegen:codegen__files: {}
DEBUG: /private/var/tmp/_bazel_ecem/67bf397ae4406c40bbcd4ddf008bc8ac/external/build_bazel_rules_nodejs/internal/common/module_mappings.bzl:41:14: [module_mappings.bzl] Mappings at @npm//@protobufjs/codegen:codegen__nested_node_modules: {}
DEBUG: /private/var/tmp/_bazel_ecem/67bf397ae4406c40bbcd4ddf008bc8ac/external/build_bazel_rules_nodejs/internal/common/module_mappings.bzl:41:14: [module_mappings.bzl] Mappings at @npm//@protobufjs/codegen:codegen__contents: {}
DEBUG: /private/var/tmp/_bazel_ecem/67bf397ae4406c40bbcd4ddf008bc8ac/external/build_bazel_rules_nodejs/internal/common/module_mappings.bzl:41:14: [module_mappings.bzl] Mappings at @npm//@types/long:long__nested_node_modules: {}
DEBUG: /private/var/tmp/_bazel_ecem/67bf397ae4406c40bbcd4ddf008bc8ac/external/build_bazel_rules_nodejs/internal/common/module_mappings.bzl:41:14: [module_mappings.bzl] Mappings at @npm//@types/long:long__files: {}
DEBUG: /private/var/tmp/_bazel_ecem/67bf397ae4406c40bbcd4ddf008bc8ac/external/build_bazel_rules_nodejs/internal/common/module_mappings.bzl:41:14: [module_mappings.bzl] Mappings at @npm//@types/long:long__contents: {}
DEBUG: /private/var/tmp/_bazel_ecem/67bf397ae4406c40bbcd4ddf008bc8ac/external/build_bazel_rules_nodejs/internal/common/module_mappings.bzl:41:14: [module_mappings.bzl] Mappings at @npm//protobufjs:protobufjs__nested_node_modules: {}
DEBUG: /private/var/tmp/_bazel_ecem/67bf397ae4406c40bbcd4ddf008bc8ac/external/build_bazel_rules_nodejs/internal/common/module_mappings.bzl:41:14: [module_mappings.bzl] Mappings at @npm//protobufjs:protobufjs__files: {}
DEBUG: /private/var/tmp/_bazel_ecem/67bf397ae4406c40bbcd4ddf008bc8ac/external/build_bazel_rules_nodejs/internal/common/module_mappings.bzl:41:14: [module_mappings.bzl] Mappings at @npm//protobufjs:protobufjs__contents: {}
DEBUG: /private/var/tmp/_bazel_ecem/67bf397ae4406c40bbcd4ddf008bc8ac/external/build_bazel_rules_nodejs/internal/common/module_mappings.bzl:41:14: [module_mappings.bzl] Mappings at @npm//@protobufjs/float:float__files: {}
DEBUG: /private/var/tmp/_bazel_ecem/67bf397ae4406c40bbcd4ddf008bc8ac/external/build_bazel_rules_nodejs/internal/common/module_mappings.bzl:41:14: [module_mappings.bzl] Mappings at @npm//@protobufjs/float:float__nested_node_modules: {}
DEBUG: /private/var/tmp/_bazel_ecem/67bf397ae4406c40bbcd4ddf008bc8ac/external/build_bazel_rules_nodejs/internal/common/module_mappings.bzl:41:14: [module_mappings.bzl] Mappings at @npm//@protobufjs/float:float__contents: {}
DEBUG: /private/var/tmp/_bazel_ecem/67bf397ae4406c40bbcd4ddf008bc8ac/external/build_bazel_rules_nodejs/internal/common/module_mappings.bzl:41:14: [module_mappings.bzl] Mappings at @npm//buffer-from:buffer-from__files: {}
DEBUG: /private/var/tmp/_bazel_ecem/67bf397ae4406c40bbcd4ddf008bc8ac/external/build_bazel_rules_nodejs/internal/common/module_mappings.bzl:41:14: [module_mappings.bzl] Mappings at @npm//buffer-from:buffer-from__nested_node_modules: {}
DEBUG: /private/var/tmp/_bazel_ecem/67bf397ae4406c40bbcd4ddf008bc8ac/external/build_bazel_rules_nodejs/internal/common/module_mappings.bzl:41:14: [module_mappings.bzl] Mappings at @npm//buffer-from:buffer-from__contents: {}
DEBUG: /private/var/tmp/_bazel_ecem/67bf397ae4406c40bbcd4ddf008bc8ac/external/build_bazel_rules_nodejs/internal/common/module_mappings.bzl:41:14: [module_mappings.bzl] Mappings at @npm//source-map:source-map__files: {}
DEBUG: /private/var/tmp/_bazel_ecem/67bf397ae4406c40bbcd4ddf008bc8ac/external/build_bazel_rules_nodejs/internal/common/module_mappings.bzl:41:14: [module_mappings.bzl] Mappings at @npm//source-map:source-map__nested_node_modules: {}
DEBUG: /private/var/tmp/_bazel_ecem/67bf397ae4406c40bbcd4ddf008bc8ac/external/build_bazel_rules_nodejs/internal/common/module_mappings.bzl:41:14: [module_mappings.bzl] Mappings at @npm//source-map:source-map__contents: {}
DEBUG: /private/var/tmp/_bazel_ecem/67bf397ae4406c40bbcd4ddf008bc8ac/external/build_bazel_rules_nodejs/internal/common/module_mappings.bzl:41:14: [module_mappings.bzl] Mappings at @npm//@protobufjs/inquire:inquire__nested_node_modules: {}
DEBUG: /private/var/tmp/_bazel_ecem/67bf397ae4406c40bbcd4ddf008bc8ac/external/build_bazel_rules_nodejs/internal/common/module_mappings.bzl:41:14: [module_mappings.bzl] Mappings at @npm//@protobufjs/inquire:inquire__files: {}
DEBUG: /private/var/tmp/_bazel_ecem/67bf397ae4406c40bbcd4ddf008bc8ac/external/build_bazel_rules_nodejs/internal/common/module_mappings.bzl:41:14: [module_mappings.bzl] Mappings at @npm//@protobufjs/inquire:inquire__contents: {}
DEBUG: /private/var/tmp/_bazel_ecem/67bf397ae4406c40bbcd4ddf008bc8ac/external/build_bazel_rules_nodejs/internal/common/module_mappings.bzl:41:14: [module_mappings.bzl] Mappings at @npm//@protobufjs/base64:base64__files: {}
DEBUG: /private/var/tmp/_bazel_ecem/67bf397ae4406c40bbcd4ddf008bc8ac/external/build_bazel_rules_nodejs/internal/common/module_mappings.bzl:41:14: [module_mappings.bzl] Mappings at @npm//@protobufjs/base64:base64__nested_node_modules: {}
DEBUG: /private/var/tmp/_bazel_ecem/67bf397ae4406c40bbcd4ddf008bc8ac/external/build_bazel_rules_nodejs/internal/common/module_mappings.bzl:41:14: [module_mappings.bzl] Mappings at @npm//@protobufjs/base64:base64__contents: {}
DEBUG: /private/var/tmp/_bazel_ecem/67bf397ae4406c40bbcd4ddf008bc8ac/external/build_bazel_rules_nodejs/internal/common/module_mappings.bzl:41:14: [module_mappings.bzl] Mappings at @npm//@protobufjs/fetch:fetch__files: {}
DEBUG: /private/var/tmp/_bazel_ecem/67bf397ae4406c40bbcd4ddf008bc8ac/external/build_bazel_rules_nodejs/internal/common/module_mappings.bzl:41:14: [module_mappings.bzl] Mappings at @npm//@protobufjs/fetch:fetch__nested_node_modules: {}
DEBUG: /private/var/tmp/_bazel_ecem/67bf397ae4406c40bbcd4ddf008bc8ac/external/build_bazel_rules_nodejs/internal/common/module_mappings.bzl:41:14: [module_mappings.bzl] Mappings at @npm//@protobufjs/fetch:fetch__contents: {}
DEBUG: /private/var/tmp/_bazel_ecem/67bf397ae4406c40bbcd4ddf008bc8ac/external/build_bazel_rules_nodejs/internal/common/module_mappings.bzl:41:14: [module_mappings.bzl] Mappings at @npm//@protobufjs/pool:pool__files: {}
DEBUG: /private/var/tmp/_bazel_ecem/67bf397ae4406c40bbcd4ddf008bc8ac/external/build_bazel_rules_nodejs/internal/common/module_mappings.bzl:41:14: [module_mappings.bzl] Mappings at @npm//@protobufjs/pool:pool__nested_node_modules: {}
DEBUG: /private/var/tmp/_bazel_ecem/67bf397ae4406c40bbcd4ddf008bc8ac/external/build_bazel_rules_nodejs/internal/common/module_mappings.bzl:41:14: [module_mappings.bzl] Mappings at @npm//@protobufjs/pool:pool__contents: {}
DEBUG: /private/var/tmp/_bazel_ecem/67bf397ae4406c40bbcd4ddf008bc8ac/external/build_bazel_rules_nodejs/internal/common/module_mappings.bzl:41:14: [module_mappings.bzl] Mappings at @npm//tsutils:tsutils__nested_node_modules: {}
DEBUG: /private/var/tmp/_bazel_ecem/67bf397ae4406c40bbcd4ddf008bc8ac/external/build_bazel_rules_nodejs/internal/common/module_mappings.bzl:41:14: [module_mappings.bzl] Mappings at @npm//tsutils:tsutils__files: {}
DEBUG: /private/var/tmp/_bazel_ecem/67bf397ae4406c40bbcd4ddf008bc8ac/external/build_bazel_rules_nodejs/internal/common/module_mappings.bzl:41:14: [module_mappings.bzl] Mappings at @npm//tsutils:tsutils__contents: {}
DEBUG: /private/var/tmp/_bazel_ecem/67bf397ae4406c40bbcd4ddf008bc8ac/external/build_bazel_rules_nodejs/internal/common/module_mappings.bzl:41:14: [module_mappings.bzl] Mappings at @npm//tslib:tslib__nested_node_modules: {}
DEBUG: /private/var/tmp/_bazel_ecem/67bf397ae4406c40bbcd4ddf008bc8ac/external/build_bazel_rules_nodejs/internal/common/module_mappings.bzl:41:14: [module_mappings.bzl] Mappings at @npm//tslib:tslib__files: {}
DEBUG: /private/var/tmp/_bazel_ecem/67bf397ae4406c40bbcd4ddf008bc8ac/external/build_bazel_rules_nodejs/internal/common/module_mappings.bzl:41:14: [module_mappings.bzl] Mappings at @npm//tslib:tslib__contents: {}
DEBUG: /private/var/tmp/_bazel_ecem/67bf397ae4406c40bbcd4ddf008bc8ac/external/build_bazel_rules_nodejs/internal/common/module_mappings.bzl:41:14: [module_mappings.bzl] Mappings at @npm//typescript:typescript__files: {}
DEBUG: /private/var/tmp/_bazel_ecem/67bf397ae4406c40bbcd4ddf008bc8ac/external/build_bazel_rules_nodejs/internal/common/module_mappings.bzl:41:14: [module_mappings.bzl] Mappings at @npm//typescript:typescript__nested_node_modules: {}
DEBUG: /private/var/tmp/_bazel_ecem/67bf397ae4406c40bbcd4ddf008bc8ac/external/build_bazel_rules_nodejs/internal/common/module_mappings.bzl:41:14: [module_mappings.bzl] Mappings at @npm//typescript:typescript__contents: {}
DEBUG: /private/var/tmp/_bazel_ecem/67bf397ae4406c40bbcd4ddf008bc8ac/external/build_bazel_rules_nodejs/internal/common/module_mappings.bzl:41:14: [module_mappings.bzl] Mappings at @npm//@bazel/typescript:typescript: {}
DEBUG: /private/var/tmp/_bazel_ecem/67bf397ae4406c40bbcd4ddf008bc8ac/external/build_bazel_rules_nodejs/internal/linker/link_node_modules.bzl:19:14: [link_node_modules.bzl] No LinkablePackageInfo for @npm//typescript:typescript
DEBUG: /private/var/tmp/_bazel_ecem/67bf397ae4406c40bbcd4ddf008bc8ac/external/build_bazel_rules_nodejs/internal/common/module_mappings.bzl:41:14: [module_mappings.bzl] Mappings at @npm//typescript:typescript: {}
DEBUG: /private/var/tmp/_bazel_ecem/67bf397ae4406c40bbcd4ddf008bc8ac/external/build_bazel_rules_nodejs/internal/linker/link_node_modules.bzl:19:14: [link_node_modules.bzl] No LinkablePackageInfo for //packages/a:_validate_a_options
DEBUG: /private/var/tmp/_bazel_ecem/67bf397ae4406c40bbcd4ddf008bc8ac/external/build_bazel_rules_nodejs/internal/linker/link_node_modules.bzl:19:14: [link_node_modules.bzl] No LinkablePackageInfo for //packages/a:a
DEBUG: /private/var/tmp/_bazel_ecem/67bf397ae4406c40bbcd4ddf008bc8ac/external/build_bazel_rules_nodejs/internal/linker/link_node_modules.bzl:19:14: [link_node_modules.bzl] No LinkablePackageInfo for //packages/b:_validate_b_options
INFO: Analyzed 6 targets (0 packages loaded, 0 targets configured).
INFO: Found 6 targets...
[0 / 2] [Prepa] BazelWorkspaceStatusAction stable-status.txt
[1 / 2] Compiling TypeScript project //packages/b:b [tsc -p packages/tsconfig.json]; 1s darwin-sandbox
ERROR: /Users/ecem/workplace/ts_project_json/packages/b/BUILD.bazel:3:4: Compiling TypeScript project //packages/b:b [tsc -p packages/tsconfig.json] failed: (Exit 2): tsc.sh failed: error executing command bazel-out/host/bin/external/npm/typescript/bin/tsc.sh --project packages/tsconfig.json --outDir bazel-out/darwin-fastbuild/bin/packages/b --rootDir packages/b --declarationDir ... (remaining 7 argument(s) skipped)

Use --sandbox_debug to see verbose messages from the sandbox tsc.sh failed: error executing command bazel-out/host/bin/external/npm/typescript/bin/tsc.sh --project packages/tsconfig.json --outDir bazel-out/darwin-fastbuild/bin/packages/b --rootDir packages/b --declarationDir ... (remaining 7 argument(s) skipped)

Use --sandbox_debug to see verbose messages from the sandbox
[link_node_modules.js] manifest file: bazel-out/darwin-fastbuild/bin/packages/b/_b_TsProject.module_mappings.json
[link_node_modules.js] manifest contents: {
  "workspace": "ts_project_json",
  "bin": "bazel-out/darwin-fastbuild/bin",
  "roots": {
    "": "npm"
  },
  "module_sets": {}
}
[link_node_modules.js] startCwd: /private/var/tmp/_bazel_ecem/67bf397ae4406c40bbcd4ddf008bc8ac/sandbox/darwin-sandbox/36/execroot/ts_project_json
[link_node_modules.js] execroot: /private/var/tmp/_bazel_ecem/67bf397ae4406c40bbcd4ddf008bc8ac/sandbox/darwin-sandbox/36/execroot/ts_project_json
[link_node_modules.js] isExecroot: true
[link_node_modules.js] resolved npm workspace path to /private/var/tmp/_bazel_ecem/67bf397ae4406c40bbcd4ddf008bc8ac/sandbox/darwin-sandbox/36/execroot/ts_project_json/external/npm
[link_node_modules.js] creating symlink node_modules -> /private/var/tmp/_bazel_ecem/67bf397ae4406c40bbcd4ddf008bc8ac/sandbox/darwin-sandbox/36/execroot/ts_project_json/external/npm/node_modules
BAZEL_NODE_MODULES_ROOTS=:npm
BAZEL_PATCH_ROOTS=/private/var/tmp/_bazel_ecem/67bf397ae4406c40bbcd4ddf008bc8ac/sandbox/darwin-sandbox/36/execroot/ts_project_json,/private/var/tmp/_bazel_ecem/67bf397ae4406c40bbcd4ddf008bc8ac/sandbox/darwin-sandbox/36/execroot/ts_project_json/node_modules,/private/var/tmp/_bazel_ecem/67bf397ae4406c40bbcd4ddf008bc8ac/sandbox/darwin-sandbox/36/execroot/ts_project_json/external/npm/node_modules
bazel node patches enabled. roots: /private/var/tmp/_bazel_ecem/67bf397ae4406c40bbcd4ddf008bc8ac/sandbox/darwin-sandbox/36/execroot/ts_project_json,/private/var/tmp/_bazel_ecem/67bf397ae4406c40bbcd4ddf008bc8ac/sandbox/darwin-sandbox/36/execroot/ts_project_json/node_modules,/private/var/tmp/_bazel_ecem/67bf397ae4406c40bbcd4ddf008bc8ac/sandbox/darwin-sandbox/36/execroot/ts_project_json/external/npm/node_modules symlinks in these directories will not escape
======== Resolving module 'a' from '/private/var/tmp/_bazel_ecem/67bf397ae4406c40bbcd4ddf008bc8ac/sandbox/darwin-sandbox/36/execroot/ts_project_json/packages/b/index.ts'. ========
Explicitly specified module resolution kind: 'NodeJs'.
'baseUrl' option is set to '/private/var/tmp/_bazel_ecem/67bf397ae4406c40bbcd4ddf008bc8ac/sandbox/darwin-sandbox/36/execroot/ts_project_json', using this value to resolve non-relative module name 'a'.
'paths' option is specified, looking for a pattern to match module name 'a'.
Module name 'a', matched pattern '*'.
Trying substitution 'packages/*', candidate module location: 'packages/a'.
Loading module as file / folder, candidate module location '/private/var/tmp/_bazel_ecem/67bf397ae4406c40bbcd4ddf008bc8ac/sandbox/darwin-sandbox/36/execroot/ts_project_json/packages/a', target file type 'TypeScript'.
File '/private/var/tmp/_bazel_ecem/67bf397ae4406c40bbcd4ddf008bc8ac/sandbox/darwin-sandbox/36/execroot/ts_project_json/packages/a.ts' does not exist.
File '/private/var/tmp/_bazel_ecem/67bf397ae4406c40bbcd4ddf008bc8ac/sandbox/darwin-sandbox/36/execroot/ts_project_json/packages/a.tsx' does not exist.
File '/private/var/tmp/_bazel_ecem/67bf397ae4406c40bbcd4ddf008bc8ac/sandbox/darwin-sandbox/36/execroot/ts_project_json/packages/a.d.ts' does not exist.
Directory '/private/var/tmp/_bazel_ecem/67bf397ae4406c40bbcd4ddf008bc8ac/sandbox/darwin-sandbox/36/execroot/ts_project_json/packages/a' does not exist, skipping all lookups in it.
Trying substitution 'node_modules/*', candidate module location: 'node_modules/a'.
Loading module as file / folder, candidate module location '/private/var/tmp/_bazel_ecem/67bf397ae4406c40bbcd4ddf008bc8ac/sandbox/darwin-sandbox/36/execroot/ts_project_json/node_modules/a', target file type 'TypeScript'.
File '/private/var/tmp/_bazel_ecem/67bf397ae4406c40bbcd4ddf008bc8ac/sandbox/darwin-sandbox/36/execroot/ts_project_json/node_modules/a.ts' does not exist.
File '/private/var/tmp/_bazel_ecem/67bf397ae4406c40bbcd4ddf008bc8ac/sandbox/darwin-sandbox/36/execroot/ts_project_json/node_modules/a.tsx' does not exist.
File '/private/var/tmp/_bazel_ecem/67bf397ae4406c40bbcd4ddf008bc8ac/sandbox/darwin-sandbox/36/execroot/ts_project_json/node_modules/a.d.ts' does not exist.
Directory '/private/var/tmp/_bazel_ecem/67bf397ae4406c40bbcd4ddf008bc8ac/sandbox/darwin-sandbox/36/execroot/ts_project_json/node_modules/a' does not exist, skipping all lookups in it.
Trying substitution 'node_modules/@types/*', candidate module location: 'node_modules/@types/a'.
Loading module as file / folder, candidate module location '/private/var/tmp/_bazel_ecem/67bf397ae4406c40bbcd4ddf008bc8ac/sandbox/darwin-sandbox/36/execroot/ts_project_json/node_modules/@types/a', target file type 'TypeScript'.
Trying substitution './bazel-out/darwin-fastbuild/bin/packages/*', candidate module location: './bazel-out/darwin-fastbuild/bin/packages/a'.
Loading module as file / folder, candidate module location '/private/var/tmp/_bazel_ecem/67bf397ae4406c40bbcd4ddf008bc8ac/sandbox/darwin-sandbox/36/execroot/ts_project_json/bazel-out/darwin-fastbuild/bin/packages/a', target file type 'TypeScript'.
File '/private/var/tmp/_bazel_ecem/67bf397ae4406c40bbcd4ddf008bc8ac/sandbox/darwin-sandbox/36/execroot/ts_project_json/bazel-out/darwin-fastbuild/bin/packages/a.ts' does not exist.
File '/private/var/tmp/_bazel_ecem/67bf397ae4406c40bbcd4ddf008bc8ac/sandbox/darwin-sandbox/36/execroot/ts_project_json/bazel-out/darwin-fastbuild/bin/packages/a.tsx' does not exist.
File '/private/var/tmp/_bazel_ecem/67bf397ae4406c40bbcd4ddf008bc8ac/sandbox/darwin-sandbox/36/execroot/ts_project_json/bazel-out/darwin-fastbuild/bin/packages/a.d.ts' does not exist.
File '/private/var/tmp/_bazel_ecem/67bf397ae4406c40bbcd4ddf008bc8ac/sandbox/darwin-sandbox/36/execroot/ts_project_json/bazel-out/darwin-fastbuild/bin/packages/a/package.json' does not exist.
File '/private/var/tmp/_bazel_ecem/67bf397ae4406c40bbcd4ddf008bc8ac/sandbox/darwin-sandbox/36/execroot/ts_project_json/bazel-out/darwin-fastbuild/bin/packages/a/index.ts' does not exist.
File '/private/var/tmp/_bazel_ecem/67bf397ae4406c40bbcd4ddf008bc8ac/sandbox/darwin-sandbox/36/execroot/ts_project_json/bazel-out/darwin-fastbuild/bin/packages/a/index.tsx' does not exist.
File '/private/var/tmp/_bazel_ecem/67bf397ae4406c40bbcd4ddf008bc8ac/sandbox/darwin-sandbox/36/execroot/ts_project_json/bazel-out/darwin-fastbuild/bin/packages/a/index.d.ts' exist - use it as a name resolution result.
======== Module name 'a' was successfully resolved to '/private/var/tmp/_bazel_ecem/67bf397ae4406c40bbcd4ddf008bc8ac/sandbox/darwin-sandbox/36/execroot/ts_project_json/bazel-out/darwin-fastbuild/bin/packages/a/index.d.ts'. ========
======== Resolving module './values.json' from '/private/var/tmp/_bazel_ecem/67bf397ae4406c40bbcd4ddf008bc8ac/sandbox/darwin-sandbox/36/execroot/ts_project_json/bazel-out/darwin-fastbuild/bin/packages/a/index.d.ts'. ========
Explicitly specified module resolution kind: 'NodeJs'.
'rootDirs' option is set, using it to resolve relative module name './values.json'.
Checking if '/private/var/tmp/_bazel_ecem/67bf397ae4406c40bbcd4ddf008bc8ac/sandbox/darwin-sandbox/36/execroot/ts_project_json/tools/tsconfig/' is the longest matching prefix for '/private/var/tmp/_bazel_ecem/67bf397ae4406c40bbcd4ddf008bc8ac/sandbox/darwin-sandbox/36/execroot/ts_project_json/bazel-out/darwin-fastbuild/bin/packages/a/values.json' - 'false'.
Checking if '/private/var/tmp/_bazel_ecem/67bf397ae4406c40bbcd4ddf008bc8ac/sandbox/darwin-sandbox/36/execroot/ts_project_json/bazel-out/host/bin/' is the longest matching prefix for '/private/var/tmp/_bazel_ecem/67bf397ae4406c40bbcd4ddf008bc8ac/sandbox/darwin-sandbox/36/execroot/ts_project_json/bazel-out/darwin-fastbuild/bin/packages/a/values.json' - 'false'.
Checking if '/private/var/tmp/_bazel_ecem/67bf397ae4406c40bbcd4ddf008bc8ac/sandbox/darwin-sandbox/36/execroot/ts_project_json/bazel-out/darwin-fastbuild/bin/' is the longest matching prefix for '/private/var/tmp/_bazel_ecem/67bf397ae4406c40bbcd4ddf008bc8ac/sandbox/darwin-sandbox/36/execroot/ts_project_json/bazel-out/darwin-fastbuild/bin/packages/a/values.json' - 'true'.
Checking if '/private/var/tmp/_bazel_ecem/67bf397ae4406c40bbcd4ddf008bc8ac/sandbox/darwin-sandbox/36/execroot/ts_project_json/bazel-out/k8-fastbuild/bin/' is the longest matching prefix for '/private/var/tmp/_bazel_ecem/67bf397ae4406c40bbcd4ddf008bc8ac/sandbox/darwin-sandbox/36/execroot/ts_project_json/bazel-out/darwin-fastbuild/bin/packages/a/values.json' - 'false'.
Checking if '/private/var/tmp/_bazel_ecem/67bf397ae4406c40bbcd4ddf008bc8ac/sandbox/darwin-sandbox/36/execroot/ts_project_json/bazel-out/x64_windows-fastbuild/bin/' is the longest matching prefix for '/private/var/tmp/_bazel_ecem/67bf397ae4406c40bbcd4ddf008bc8ac/sandbox/darwin-sandbox/36/execroot/ts_project_json/bazel-out/darwin-fastbuild/bin/packages/a/values.json' - 'false'.
Checking if '/private/var/tmp/_bazel_ecem/67bf397ae4406c40bbcd4ddf008bc8ac/sandbox/darwin-sandbox/36/execroot/ts_project_json/bazel-out/darwin-dbg/bin/' is the longest matching prefix for '/private/var/tmp/_bazel_ecem/67bf397ae4406c40bbcd4ddf008bc8ac/sandbox/darwin-sandbox/36/execroot/ts_project_json/bazel-out/darwin-fastbuild/bin/packages/a/values.json' - 'false'.
Checking if '/private/var/tmp/_bazel_ecem/67bf397ae4406c40bbcd4ddf008bc8ac/sandbox/darwin-sandbox/36/execroot/ts_project_json/bazel-out/k8-dbg/bin/' is the longest matching prefix for '/private/var/tmp/_bazel_ecem/67bf397ae4406c40bbcd4ddf008bc8ac/sandbox/darwin-sandbox/36/execroot/ts_project_json/bazel-out/darwin-fastbuild/bin/packages/a/values.json' - 'false'.
Checking if '/private/var/tmp/_bazel_ecem/67bf397ae4406c40bbcd4ddf008bc8ac/sandbox/darwin-sandbox/36/execroot/ts_project_json/bazel-out/x64_windows-dbg/bin/' is the longest matching prefix for '/private/var/tmp/_bazel_ecem/67bf397ae4406c40bbcd4ddf008bc8ac/sandbox/darwin-sandbox/36/execroot/ts_project_json/bazel-out/darwin-fastbuild/bin/packages/a/values.json' - 'false'.
Longest matching prefix for '/private/var/tmp/_bazel_ecem/67bf397ae4406c40bbcd4ddf008bc8ac/sandbox/darwin-sandbox/36/execroot/ts_project_json/bazel-out/darwin-fastbuild/bin/packages/a/values.json' is '/private/var/tmp/_bazel_ecem/67bf397ae4406c40bbcd4ddf008bc8ac/sandbox/darwin-sandbox/36/execroot/ts_project_json/bazel-out/darwin-fastbuild/bin/'.
Loading 'packages/a/values.json' from the root dir '/private/var/tmp/_bazel_ecem/67bf397ae4406c40bbcd4ddf008bc8ac/sandbox/darwin-sandbox/36/execroot/ts_project_json/bazel-out/darwin-fastbuild/bin/', candidate location '/private/var/tmp/_bazel_ecem/67bf397ae4406c40bbcd4ddf008bc8ac/sandbox/darwin-sandbox/36/execroot/ts_project_json/bazel-out/darwin-fastbuild/bin/packages/a/values.json'.
Loading module as file / folder, candidate module location '/private/var/tmp/_bazel_ecem/67bf397ae4406c40bbcd4ddf008bc8ac/sandbox/darwin-sandbox/36/execroot/ts_project_json/bazel-out/darwin-fastbuild/bin/packages/a/values.json', target file type 'TypeScript'.
File '/private/var/tmp/_bazel_ecem/67bf397ae4406c40bbcd4ddf008bc8ac/sandbox/darwin-sandbox/36/execroot/ts_project_json/bazel-out/darwin-fastbuild/bin/packages/a/values.json.ts' does not exist.
File '/private/var/tmp/_bazel_ecem/67bf397ae4406c40bbcd4ddf008bc8ac/sandbox/darwin-sandbox/36/execroot/ts_project_json/bazel-out/darwin-fastbuild/bin/packages/a/values.json.tsx' does not exist.
File '/private/var/tmp/_bazel_ecem/67bf397ae4406c40bbcd4ddf008bc8ac/sandbox/darwin-sandbox/36/execroot/ts_project_json/bazel-out/darwin-fastbuild/bin/packages/a/values.json.d.ts' does not exist.
Directory '/private/var/tmp/_bazel_ecem/67bf397ae4406c40bbcd4ddf008bc8ac/sandbox/darwin-sandbox/36/execroot/ts_project_json/bazel-out/darwin-fastbuild/bin/packages/a/values.json' does not exist, skipping all lookups in it.
Trying other entries in 'rootDirs'.
Loading 'packages/a/values.json' from the root dir '/private/var/tmp/_bazel_ecem/67bf397ae4406c40bbcd4ddf008bc8ac/sandbox/darwin-sandbox/36/execroot/ts_project_json/tools/tsconfig', candidate location '/private/var/tmp/_bazel_ecem/67bf397ae4406c40bbcd4ddf008bc8ac/sandbox/darwin-sandbox/36/execroot/ts_project_json/tools/tsconfig/packages/a/values.json'.
Loading module as file / folder, candidate module location '/private/var/tmp/_bazel_ecem/67bf397ae4406c40bbcd4ddf008bc8ac/sandbox/darwin-sandbox/36/execroot/ts_project_json/tools/tsconfig/packages/a/values.json', target file type 'TypeScript'.
Loading 'packages/a/values.json' from the root dir '/private/var/tmp/_bazel_ecem/67bf397ae4406c40bbcd4ddf008bc8ac/sandbox/darwin-sandbox/36/execroot/ts_project_json/bazel-out/host/bin', candidate location '/private/var/tmp/_bazel_ecem/67bf397ae4406c40bbcd4ddf008bc8ac/sandbox/darwin-sandbox/36/execroot/ts_project_json/bazel-out/host/bin/packages/a/values.json'.
Loading module as file / folder, candidate module location '/private/var/tmp/_bazel_ecem/67bf397ae4406c40bbcd4ddf008bc8ac/sandbox/darwin-sandbox/36/execroot/ts_project_json/bazel-out/host/bin/packages/a/values.json', target file type 'TypeScript'.
Loading 'packages/a/values.json' from the root dir '/private/var/tmp/_bazel_ecem/67bf397ae4406c40bbcd4ddf008bc8ac/sandbox/darwin-sandbox/36/execroot/ts_project_json/bazel-out/k8-fastbuild/bin', candidate location '/private/var/tmp/_bazel_ecem/67bf397ae4406c40bbcd4ddf008bc8ac/sandbox/darwin-sandbox/36/execroot/ts_project_json/bazel-out/k8-fastbuild/bin/packages/a/values.json'.
Loading module as file / folder, candidate module location '/private/var/tmp/_bazel_ecem/67bf397ae4406c40bbcd4ddf008bc8ac/sandbox/darwin-sandbox/36/execroot/ts_project_json/bazel-out/k8-fastbuild/bin/packages/a/values.json', target file type 'TypeScript'.
Loading 'packages/a/values.json' from the root dir '/private/var/tmp/_bazel_ecem/67bf397ae4406c40bbcd4ddf008bc8ac/sandbox/darwin-sandbox/36/execroot/ts_project_json/bazel-out/x64_windows-fastbuild/bin', candidate location '/private/var/tmp/_bazel_ecem/67bf397ae4406c40bbcd4ddf008bc8ac/sandbox/darwin-sandbox/36/execroot/ts_project_json/bazel-out/x64_windows-fastbuild/bin/packages/a/values.json'.
Loading module as file / folder, candidate module location '/private/var/tmp/_bazel_ecem/67bf397ae4406c40bbcd4ddf008bc8ac/sandbox/darwin-sandbox/36/execroot/ts_project_json/bazel-out/x64_windows-fastbuild/bin/packages/a/values.json', target file type 'TypeScript'.
Loading 'packages/a/values.json' from the root dir '/private/var/tmp/_bazel_ecem/67bf397ae4406c40bbcd4ddf008bc8ac/sandbox/darwin-sandbox/36/execroot/ts_project_json/bazel-out/darwin-dbg/bin', candidate location '/private/var/tmp/_bazel_ecem/67bf397ae4406c40bbcd4ddf008bc8ac/sandbox/darwin-sandbox/36/execroot/ts_project_json/bazel-out/darwin-dbg/bin/packages/a/values.json'.
Loading module as file / folder, candidate module location '/private/var/tmp/_bazel_ecem/67bf397ae4406c40bbcd4ddf008bc8ac/sandbox/darwin-sandbox/36/execroot/ts_project_json/bazel-out/darwin-dbg/bin/packages/a/values.json', target file type 'TypeScript'.
Loading 'packages/a/values.json' from the root dir '/private/var/tmp/_bazel_ecem/67bf397ae4406c40bbcd4ddf008bc8ac/sandbox/darwin-sandbox/36/execroot/ts_project_json/bazel-out/k8-dbg/bin', candidate location '/private/var/tmp/_bazel_ecem/67bf397ae4406c40bbcd4ddf008bc8ac/sandbox/darwin-sandbox/36/execroot/ts_project_json/bazel-out/k8-dbg/bin/packages/a/values.json'.
Loading module as file / folder, candidate module location '/private/var/tmp/_bazel_ecem/67bf397ae4406c40bbcd4ddf008bc8ac/sandbox/darwin-sandbox/36/execroot/ts_project_json/bazel-out/k8-dbg/bin/packages/a/values.json', target file type 'TypeScript'.
Loading 'packages/a/values.json' from the root dir '/private/var/tmp/_bazel_ecem/67bf397ae4406c40bbcd4ddf008bc8ac/sandbox/darwin-sandbox/36/execroot/ts_project_json/bazel-out/x64_windows-dbg/bin', candidate location '/private/var/tmp/_bazel_ecem/67bf397ae4406c40bbcd4ddf008bc8ac/sandbox/darwin-sandbox/36/execroot/ts_project_json/bazel-out/x64_windows-dbg/bin/packages/a/values.json'.
Loading module as file / folder, candidate module location '/private/var/tmp/_bazel_ecem/67bf397ae4406c40bbcd4ddf008bc8ac/sandbox/darwin-sandbox/36/execroot/ts_project_json/bazel-out/x64_windows-dbg/bin/packages/a/values.json', target file type 'TypeScript'.
Module resolution using 'rootDirs' has failed.
Loading module as file / folder, candidate module location '/private/var/tmp/_bazel_ecem/67bf397ae4406c40bbcd4ddf008bc8ac/sandbox/darwin-sandbox/36/execroot/ts_project_json/bazel-out/darwin-fastbuild/bin/packages/a/values.json', target file type 'TypeScript'.
File '/private/var/tmp/_bazel_ecem/67bf397ae4406c40bbcd4ddf008bc8ac/sandbox/darwin-sandbox/36/execroot/ts_project_json/bazel-out/darwin-fastbuild/bin/packages/a/values.json.ts' does not exist.
File '/private/var/tmp/_bazel_ecem/67bf397ae4406c40bbcd4ddf008bc8ac/sandbox/darwin-sandbox/36/execroot/ts_project_json/bazel-out/darwin-fastbuild/bin/packages/a/values.json.tsx' does not exist.
File '/private/var/tmp/_bazel_ecem/67bf397ae4406c40bbcd4ddf008bc8ac/sandbox/darwin-sandbox/36/execroot/ts_project_json/bazel-out/darwin-fastbuild/bin/packages/a/values.json.d.ts' does not exist.
Directory '/private/var/tmp/_bazel_ecem/67bf397ae4406c40bbcd4ddf008bc8ac/sandbox/darwin-sandbox/36/execroot/ts_project_json/bazel-out/darwin-fastbuild/bin/packages/a/values.json' does not exist, skipping all lookups in it.
'rootDirs' option is set, using it to resolve relative module name './values.json'.
Checking if '/private/var/tmp/_bazel_ecem/67bf397ae4406c40bbcd4ddf008bc8ac/sandbox/darwin-sandbox/36/execroot/ts_project_json/tools/tsconfig/' is the longest matching prefix for '/private/var/tmp/_bazel_ecem/67bf397ae4406c40bbcd4ddf008bc8ac/sandbox/darwin-sandbox/36/execroot/ts_project_json/bazel-out/darwin-fastbuild/bin/packages/a/values.json' - 'false'.
Checking if '/private/var/tmp/_bazel_ecem/67bf397ae4406c40bbcd4ddf008bc8ac/sandbox/darwin-sandbox/36/execroot/ts_project_json/bazel-out/host/bin/' is the longest matching prefix for '/private/var/tmp/_bazel_ecem/67bf397ae4406c40bbcd4ddf008bc8ac/sandbox/darwin-sandbox/36/execroot/ts_project_json/bazel-out/darwin-fastbuild/bin/packages/a/values.json' - 'false'.
Checking if '/private/var/tmp/_bazel_ecem/67bf397ae4406c40bbcd4ddf008bc8ac/sandbox/darwin-sandbox/36/execroot/ts_project_json/bazel-out/darwin-fastbuild/bin/' is the longest matching prefix for '/private/var/tmp/_bazel_ecem/67bf397ae4406c40bbcd4ddf008bc8ac/sandbox/darwin-sandbox/36/execroot/ts_project_json/bazel-out/darwin-fastbuild/bin/packages/a/values.json' - 'true'.
Checking if '/private/var/tmp/_bazel_ecem/67bf397ae4406c40bbcd4ddf008bc8ac/sandbox/darwin-sandbox/36/execroot/ts_project_json/bazel-out/k8-fastbuild/bin/' is the longest matching prefix for '/private/var/tmp/_bazel_ecem/67bf397ae4406c40bbcd4ddf008bc8ac/sandbox/darwin-sandbox/36/execroot/ts_project_json/bazel-out/darwin-fastbuild/bin/packages/a/values.json' - 'false'.
Checking if '/private/var/tmp/_bazel_ecem/67bf397ae4406c40bbcd4ddf008bc8ac/sandbox/darwin-sandbox/36/execroot/ts_project_json/bazel-out/x64_windows-fastbuild/bin/' is the longest matching prefix for '/private/var/tmp/_bazel_ecem/67bf397ae4406c40bbcd4ddf008bc8ac/sandbox/darwin-sandbox/36/execroot/ts_project_json/bazel-out/darwin-fastbuild/bin/packages/a/values.json' - 'false'.
Checking if '/private/var/tmp/_bazel_ecem/67bf397ae4406c40bbcd4ddf008bc8ac/sandbox/darwin-sandbox/36/execroot/ts_project_json/bazel-out/darwin-dbg/bin/' is the longest matching prefix for '/private/var/tmp/_bazel_ecem/67bf397ae4406c40bbcd4ddf008bc8ac/sandbox/darwin-sandbox/36/execroot/ts_project_json/bazel-out/darwin-fastbuild/bin/packages/a/values.json' - 'false'.
Checking if '/private/var/tmp/_bazel_ecem/67bf397ae4406c40bbcd4ddf008bc8ac/sandbox/darwin-sandbox/36/execroot/ts_project_json/bazel-out/k8-dbg/bin/' is the longest matching prefix for '/private/var/tmp/_bazel_ecem/67bf397ae4406c40bbcd4ddf008bc8ac/sandbox/darwin-sandbox/36/execroot/ts_project_json/bazel-out/darwin-fastbuild/bin/packages/a/values.json' - 'false'.
Checking if '/private/var/tmp/_bazel_ecem/67bf397ae4406c40bbcd4ddf008bc8ac/sandbox/darwin-sandbox/36/execroot/ts_project_json/bazel-out/x64_windows-dbg/bin/' is the longest matching prefix for '/private/var/tmp/_bazel_ecem/67bf397ae4406c40bbcd4ddf008bc8ac/sandbox/darwin-sandbox/36/execroot/ts_project_json/bazel-out/darwin-fastbuild/bin/packages/a/values.json' - 'false'.
Longest matching prefix for '/private/var/tmp/_bazel_ecem/67bf397ae4406c40bbcd4ddf008bc8ac/sandbox/darwin-sandbox/36/execroot/ts_project_json/bazel-out/darwin-fastbuild/bin/packages/a/values.json' is '/private/var/tmp/_bazel_ecem/67bf397ae4406c40bbcd4ddf008bc8ac/sandbox/darwin-sandbox/36/execroot/ts_project_json/bazel-out/darwin-fastbuild/bin/'.
Loading 'packages/a/values.json' from the root dir '/private/var/tmp/_bazel_ecem/67bf397ae4406c40bbcd4ddf008bc8ac/sandbox/darwin-sandbox/36/execroot/ts_project_json/bazel-out/darwin-fastbuild/bin/', candidate location '/private/var/tmp/_bazel_ecem/67bf397ae4406c40bbcd4ddf008bc8ac/sandbox/darwin-sandbox/36/execroot/ts_project_json/bazel-out/darwin-fastbuild/bin/packages/a/values.json'.
Loading module as file / folder, candidate module location '/private/var/tmp/_bazel_ecem/67bf397ae4406c40bbcd4ddf008bc8ac/sandbox/darwin-sandbox/36/execroot/ts_project_json/bazel-out/darwin-fastbuild/bin/packages/a/values.json', target file type 'JavaScript'.
File '/private/var/tmp/_bazel_ecem/67bf397ae4406c40bbcd4ddf008bc8ac/sandbox/darwin-sandbox/36/execroot/ts_project_json/bazel-out/darwin-fastbuild/bin/packages/a/values.json.js' does not exist.
File '/private/var/tmp/_bazel_ecem/67bf397ae4406c40bbcd4ddf008bc8ac/sandbox/darwin-sandbox/36/execroot/ts_project_json/bazel-out/darwin-fastbuild/bin/packages/a/values.json.jsx' does not exist.
Directory '/private/var/tmp/_bazel_ecem/67bf397ae4406c40bbcd4ddf008bc8ac/sandbox/darwin-sandbox/36/execroot/ts_project_json/bazel-out/darwin-fastbuild/bin/packages/a/values.json' does not exist, skipping all lookups in it.
Trying other entries in 'rootDirs'.
Loading 'packages/a/values.json' from the root dir '/private/var/tmp/_bazel_ecem/67bf397ae4406c40bbcd4ddf008bc8ac/sandbox/darwin-sandbox/36/execroot/ts_project_json/tools/tsconfig', candidate location '/private/var/tmp/_bazel_ecem/67bf397ae4406c40bbcd4ddf008bc8ac/sandbox/darwin-sandbox/36/execroot/ts_project_json/tools/tsconfig/packages/a/values.json'.
Loading module as file / folder, candidate module location '/private/var/tmp/_bazel_ecem/67bf397ae4406c40bbcd4ddf008bc8ac/sandbox/darwin-sandbox/36/execroot/ts_project_json/tools/tsconfig/packages/a/values.json', target file type 'JavaScript'.
Loading 'packages/a/values.json' from the root dir '/private/var/tmp/_bazel_ecem/67bf397ae4406c40bbcd4ddf008bc8ac/sandbox/darwin-sandbox/36/execroot/ts_project_json/bazel-out/host/bin', candidate location '/private/var/tmp/_bazel_ecem/67bf397ae4406c40bbcd4ddf008bc8ac/sandbox/darwin-sandbox/36/execroot/ts_project_json/bazel-out/host/bin/packages/a/values.json'.
Loading module as file / folder, candidate module location '/private/var/tmp/_bazel_ecem/67bf397ae4406c40bbcd4ddf008bc8ac/sandbox/darwin-sandbox/36/execroot/ts_project_json/bazel-out/host/bin/packages/a/values.json', target file type 'JavaScript'.
Loading 'packages/a/values.json' from the root dir '/private/var/tmp/_bazel_ecem/67bf397ae4406c40bbcd4ddf008bc8ac/sandbox/darwin-sandbox/36/execroot/ts_project_json/bazel-out/k8-fastbuild/bin', candidate location '/private/var/tmp/_bazel_ecem/67bf397ae4406c40bbcd4ddf008bc8ac/sandbox/darwin-sandbox/36/execroot/ts_project_json/bazel-out/k8-fastbuild/bin/packages/a/values.json'.
Loading module as file / folder, candidate module location '/private/var/tmp/_bazel_ecem/67bf397ae4406c40bbcd4ddf008bc8ac/sandbox/darwin-sandbox/36/execroot/ts_project_json/bazel-out/k8-fastbuild/bin/packages/a/values.json', target file type 'JavaScript'.
Loading 'packages/a/values.json' from the root dir '/private/var/tmp/_bazel_ecem/67bf397ae4406c40bbcd4ddf008bc8ac/sandbox/darwin-sandbox/36/execroot/ts_project_json/bazel-out/x64_windows-fastbuild/bin', candidate location '/private/var/tmp/_bazel_ecem/67bf397ae4406c40bbcd4ddf008bc8ac/sandbox/darwin-sandbox/36/execroot/ts_project_json/bazel-out/x64_windows-fastbuild/bin/packages/a/values.json'.
Loading module as file / folder, candidate module location '/private/var/tmp/_bazel_ecem/67bf397ae4406c40bbcd4ddf008bc8ac/sandbox/darwin-sandbox/36/execroot/ts_project_json/bazel-out/x64_windows-fastbuild/bin/packages/a/values.json', target file type 'JavaScript'.
Loading 'packages/a/values.json' from the root dir '/private/var/tmp/_bazel_ecem/67bf397ae4406c40bbcd4ddf008bc8ac/sandbox/darwin-sandbox/36/execroot/ts_project_json/bazel-out/darwin-dbg/bin', candidate location '/private/var/tmp/_bazel_ecem/67bf397ae4406c40bbcd4ddf008bc8ac/sandbox/darwin-sandbox/36/execroot/ts_project_json/bazel-out/darwin-dbg/bin/packages/a/values.json'.
Loading module as file / folder, candidate module location '/private/var/tmp/_bazel_ecem/67bf397ae4406c40bbcd4ddf008bc8ac/sandbox/darwin-sandbox/36/execroot/ts_project_json/bazel-out/darwin-dbg/bin/packages/a/values.json', target file type 'JavaScript'.
Loading 'packages/a/values.json' from the root dir '/private/var/tmp/_bazel_ecem/67bf397ae4406c40bbcd4ddf008bc8ac/sandbox/darwin-sandbox/36/execroot/ts_project_json/bazel-out/k8-dbg/bin', candidate location '/private/var/tmp/_bazel_ecem/67bf397ae4406c40bbcd4ddf008bc8ac/sandbox/darwin-sandbox/36/execroot/ts_project_json/bazel-out/k8-dbg/bin/packages/a/values.json'.
Loading module as file / folder, candidate module location '/private/var/tmp/_bazel_ecem/67bf397ae4406c40bbcd4ddf008bc8ac/sandbox/darwin-sandbox/36/execroot/ts_project_json/bazel-out/k8-dbg/bin/packages/a/values.json', target file type 'JavaScript'.
Loading 'packages/a/values.json' from the root dir '/private/var/tmp/_bazel_ecem/67bf397ae4406c40bbcd4ddf008bc8ac/sandbox/darwin-sandbox/36/execroot/ts_project_json/bazel-out/x64_windows-dbg/bin', candidate location '/private/var/tmp/_bazel_ecem/67bf397ae4406c40bbcd4ddf008bc8ac/sandbox/darwin-sandbox/36/execroot/ts_project_json/bazel-out/x64_windows-dbg/bin/packages/a/values.json'.
Loading module as file / folder, candidate module location '/private/var/tmp/_bazel_ecem/67bf397ae4406c40bbcd4ddf008bc8ac/sandbox/darwin-sandbox/36/execroot/ts_project_json/bazel-out/x64_windows-dbg/bin/packages/a/values.json', target file type 'JavaScript'.
Module resolution using 'rootDirs' has failed.
Loading module as file / folder, candidate module location '/private/var/tmp/_bazel_ecem/67bf397ae4406c40bbcd4ddf008bc8ac/sandbox/darwin-sandbox/36/execroot/ts_project_json/bazel-out/darwin-fastbuild/bin/packages/a/values.json', target file type 'JavaScript'.
File '/private/var/tmp/_bazel_ecem/67bf397ae4406c40bbcd4ddf008bc8ac/sandbox/darwin-sandbox/36/execroot/ts_project_json/bazel-out/darwin-fastbuild/bin/packages/a/values.json.js' does not exist.
File '/private/var/tmp/_bazel_ecem/67bf397ae4406c40bbcd4ddf008bc8ac/sandbox/darwin-sandbox/36/execroot/ts_project_json/bazel-out/darwin-fastbuild/bin/packages/a/values.json.jsx' does not exist.
Directory '/private/var/tmp/_bazel_ecem/67bf397ae4406c40bbcd4ddf008bc8ac/sandbox/darwin-sandbox/36/execroot/ts_project_json/bazel-out/darwin-fastbuild/bin/packages/a/values.json' does not exist, skipping all lookups in it.
'rootDirs' option is set, using it to resolve relative module name './values.json'.
Checking if '/private/var/tmp/_bazel_ecem/67bf397ae4406c40bbcd4ddf008bc8ac/sandbox/darwin-sandbox/36/execroot/ts_project_json/tools/tsconfig/' is the longest matching prefix for '/private/var/tmp/_bazel_ecem/67bf397ae4406c40bbcd4ddf008bc8ac/sandbox/darwin-sandbox/36/execroot/ts_project_json/bazel-out/darwin-fastbuild/bin/packages/a/values.json' - 'false'.
Checking if '/private/var/tmp/_bazel_ecem/67bf397ae4406c40bbcd4ddf008bc8ac/sandbox/darwin-sandbox/36/execroot/ts_project_json/bazel-out/host/bin/' is the longest matching prefix for '/private/var/tmp/_bazel_ecem/67bf397ae4406c40bbcd4ddf008bc8ac/sandbox/darwin-sandbox/36/execroot/ts_project_json/bazel-out/darwin-fastbuild/bin/packages/a/values.json' - 'false'.
Checking if '/private/var/tmp/_bazel_ecem/67bf397ae4406c40bbcd4ddf008bc8ac/sandbox/darwin-sandbox/36/execroot/ts_project_json/bazel-out/darwin-fastbuild/bin/' is the longest matching prefix for '/private/var/tmp/_bazel_ecem/67bf397ae4406c40bbcd4ddf008bc8ac/sandbox/darwin-sandbox/36/execroot/ts_project_json/bazel-out/darwin-fastbuild/bin/packages/a/values.json' - 'true'.
Checking if '/private/var/tmp/_bazel_ecem/67bf397ae4406c40bbcd4ddf008bc8ac/sandbox/darwin-sandbox/36/execroot/ts_project_json/bazel-out/k8-fastbuild/bin/' is the longest matching prefix for '/private/var/tmp/_bazel_ecem/67bf397ae4406c40bbcd4ddf008bc8ac/sandbox/darwin-sandbox/36/execroot/ts_project_json/bazel-out/darwin-fastbuild/bin/packages/a/values.json' - 'false'.
Checking if '/private/var/tmp/_bazel_ecem/67bf397ae4406c40bbcd4ddf008bc8ac/sandbox/darwin-sandbox/36/execroot/ts_project_json/bazel-out/x64_windows-fastbuild/bin/' is the longest matching prefix for '/private/var/tmp/_bazel_ecem/67bf397ae4406c40bbcd4ddf008bc8ac/sandbox/darwin-sandbox/36/execroot/ts_project_json/bazel-out/darwin-fastbuild/bin/packages/a/values.json' - 'false'.
Checking if '/private/var/tmp/_bazel_ecem/67bf397ae4406c40bbcd4ddf008bc8ac/sandbox/darwin-sandbox/36/execroot/ts_project_json/bazel-out/darwin-dbg/bin/' is the longest matching prefix for '/private/var/tmp/_bazel_ecem/67bf397ae4406c40bbcd4ddf008bc8ac/sandbox/darwin-sandbox/36/execroot/ts_project_json/bazel-out/darwin-fastbuild/bin/packages/a/values.json' - 'false'.
Checking if '/private/var/tmp/_bazel_ecem/67bf397ae4406c40bbcd4ddf008bc8ac/sandbox/darwin-sandbox/36/execroot/ts_project_json/bazel-out/k8-dbg/bin/' is the longest matching prefix for '/private/var/tmp/_bazel_ecem/67bf397ae4406c40bbcd4ddf008bc8ac/sandbox/darwin-sandbox/36/execroot/ts_project_json/bazel-out/darwin-fastbuild/bin/packages/a/values.json' - 'false'.
Checking if '/private/var/tmp/_bazel_ecem/67bf397ae4406c40bbcd4ddf008bc8ac/sandbox/darwin-sandbox/36/execroot/ts_project_json/bazel-out/x64_windows-dbg/bin/' is the longest matching prefix for '/private/var/tmp/_bazel_ecem/67bf397ae4406c40bbcd4ddf008bc8ac/sandbox/darwin-sandbox/36/execroot/ts_project_json/bazel-out/darwin-fastbuild/bin/packages/a/values.json' - 'false'.
Longest matching prefix for '/private/var/tmp/_bazel_ecem/67bf397ae4406c40bbcd4ddf008bc8ac/sandbox/darwin-sandbox/36/execroot/ts_project_json/bazel-out/darwin-fastbuild/bin/packages/a/values.json' is '/private/var/tmp/_bazel_ecem/67bf397ae4406c40bbcd4ddf008bc8ac/sandbox/darwin-sandbox/36/execroot/ts_project_json/bazel-out/darwin-fastbuild/bin/'.
Loading 'packages/a/values.json' from the root dir '/private/var/tmp/_bazel_ecem/67bf397ae4406c40bbcd4ddf008bc8ac/sandbox/darwin-sandbox/36/execroot/ts_project_json/bazel-out/darwin-fastbuild/bin/', candidate location '/private/var/tmp/_bazel_ecem/67bf397ae4406c40bbcd4ddf008bc8ac/sandbox/darwin-sandbox/36/execroot/ts_project_json/bazel-out/darwin-fastbuild/bin/packages/a/values.json'.
Loading module as file / folder, candidate module location '/private/var/tmp/_bazel_ecem/67bf397ae4406c40bbcd4ddf008bc8ac/sandbox/darwin-sandbox/36/execroot/ts_project_json/bazel-out/darwin-fastbuild/bin/packages/a/values.json', target file type 'Json'.
File '/private/var/tmp/_bazel_ecem/67bf397ae4406c40bbcd4ddf008bc8ac/sandbox/darwin-sandbox/36/execroot/ts_project_json/bazel-out/darwin-fastbuild/bin/packages/a/values.json' does not exist.
Directory '/private/var/tmp/_bazel_ecem/67bf397ae4406c40bbcd4ddf008bc8ac/sandbox/darwin-sandbox/36/execroot/ts_project_json/bazel-out/darwin-fastbuild/bin/packages/a/values.json' does not exist, skipping all lookups in it.
Trying other entries in 'rootDirs'.
Loading 'packages/a/values.json' from the root dir '/private/var/tmp/_bazel_ecem/67bf397ae4406c40bbcd4ddf008bc8ac/sandbox/darwin-sandbox/36/execroot/ts_project_json/tools/tsconfig', candidate location '/private/var/tmp/_bazel_ecem/67bf397ae4406c40bbcd4ddf008bc8ac/sandbox/darwin-sandbox/36/execroot/ts_project_json/tools/tsconfig/packages/a/values.json'.
Loading module as file / folder, candidate module location '/private/var/tmp/_bazel_ecem/67bf397ae4406c40bbcd4ddf008bc8ac/sandbox/darwin-sandbox/36/execroot/ts_project_json/tools/tsconfig/packages/a/values.json', target file type 'Json'.
Loading 'packages/a/values.json' from the root dir '/private/var/tmp/_bazel_ecem/67bf397ae4406c40bbcd4ddf008bc8ac/sandbox/darwin-sandbox/36/execroot/ts_project_json/bazel-out/host/bin', candidate location '/private/var/tmp/_bazel_ecem/67bf397ae4406c40bbcd4ddf008bc8ac/sandbox/darwin-sandbox/36/execroot/ts_project_json/bazel-out/host/bin/packages/a/values.json'.
Loading module as file / folder, candidate module location '/private/var/tmp/_bazel_ecem/67bf397ae4406c40bbcd4ddf008bc8ac/sandbox/darwin-sandbox/36/execroot/ts_project_json/bazel-out/host/bin/packages/a/values.json', target file type 'Json'.
Loading 'packages/a/values.json' from the root dir '/private/var/tmp/_bazel_ecem/67bf397ae4406c40bbcd4ddf008bc8ac/sandbox/darwin-sandbox/36/execroot/ts_project_json/bazel-out/k8-fastbuild/bin', candidate location '/private/var/tmp/_bazel_ecem/67bf397ae4406c40bbcd4ddf008bc8ac/sandbox/darwin-sandbox/36/execroot/ts_project_json/bazel-out/k8-fastbuild/bin/packages/a/values.json'.
Loading module as file / folder, candidate module location '/private/var/tmp/_bazel_ecem/67bf397ae4406c40bbcd4ddf008bc8ac/sandbox/darwin-sandbox/36/execroot/ts_project_json/bazel-out/k8-fastbuild/bin/packages/a/values.json', target file type 'Json'.
Loading 'packages/a/values.json' from the root dir '/private/var/tmp/_bazel_ecem/67bf397ae4406c40bbcd4ddf008bc8ac/sandbox/darwin-sandbox/36/execroot/ts_project_json/bazel-out/x64_windows-fastbuild/bin', candidate location '/private/var/tmp/_bazel_ecem/67bf397ae4406c40bbcd4ddf008bc8ac/sandbox/darwin-sandbox/36/execroot/ts_project_json/bazel-out/x64_windows-fastbuild/bin/packages/a/values.json'.
Loading module as file / folder, candidate module location '/private/var/tmp/_bazel_ecem/67bf397ae4406c40bbcd4ddf008bc8ac/sandbox/darwin-sandbox/36/execroot/ts_project_json/bazel-out/x64_windows-fastbuild/bin/packages/a/values.json', target file type 'Json'.
Loading 'packages/a/values.json' from the root dir '/private/var/tmp/_bazel_ecem/67bf397ae4406c40bbcd4ddf008bc8ac/sandbox/darwin-sandbox/36/execroot/ts_project_json/bazel-out/darwin-dbg/bin', candidate location '/private/var/tmp/_bazel_ecem/67bf397ae4406c40bbcd4ddf008bc8ac/sandbox/darwin-sandbox/36/execroot/ts_project_json/bazel-out/darwin-dbg/bin/packages/a/values.json'.
Loading module as file / folder, candidate module location '/private/var/tmp/_bazel_ecem/67bf397ae4406c40bbcd4ddf008bc8ac/sandbox/darwin-sandbox/36/execroot/ts_project_json/bazel-out/darwin-dbg/bin/packages/a/values.json', target file type 'Json'.
Loading 'packages/a/values.json' from the root dir '/private/var/tmp/_bazel_ecem/67bf397ae4406c40bbcd4ddf008bc8ac/sandbox/darwin-sandbox/36/execroot/ts_project_json/bazel-out/k8-dbg/bin', candidate location '/private/var/tmp/_bazel_ecem/67bf397ae4406c40bbcd4ddf008bc8ac/sandbox/darwin-sandbox/36/execroot/ts_project_json/bazel-out/k8-dbg/bin/packages/a/values.json'.
Loading module as file / folder, candidate module location '/private/var/tmp/_bazel_ecem/67bf397ae4406c40bbcd4ddf008bc8ac/sandbox/darwin-sandbox/36/execroot/ts_project_json/bazel-out/k8-dbg/bin/packages/a/values.json', target file type 'Json'.
Loading 'packages/a/values.json' from the root dir '/private/var/tmp/_bazel_ecem/67bf397ae4406c40bbcd4ddf008bc8ac/sandbox/darwin-sandbox/36/execroot/ts_project_json/bazel-out/x64_windows-dbg/bin', candidate location '/private/var/tmp/_bazel_ecem/67bf397ae4406c40bbcd4ddf008bc8ac/sandbox/darwin-sandbox/36/execroot/ts_project_json/bazel-out/x64_windows-dbg/bin/packages/a/values.json'.
Loading module as file / folder, candidate module location '/private/var/tmp/_bazel_ecem/67bf397ae4406c40bbcd4ddf008bc8ac/sandbox/darwin-sandbox/36/execroot/ts_project_json/bazel-out/x64_windows-dbg/bin/packages/a/values.json', target file type 'Json'.
Module resolution using 'rootDirs' has failed.
Loading module as file / folder, candidate module location '/private/var/tmp/_bazel_ecem/67bf397ae4406c40bbcd4ddf008bc8ac/sandbox/darwin-sandbox/36/execroot/ts_project_json/bazel-out/darwin-fastbuild/bin/packages/a/values.json', target file type 'Json'.
File '/private/var/tmp/_bazel_ecem/67bf397ae4406c40bbcd4ddf008bc8ac/sandbox/darwin-sandbox/36/execroot/ts_project_json/bazel-out/darwin-fastbuild/bin/packages/a/values.json' does not exist.
Directory '/private/var/tmp/_bazel_ecem/67bf397ae4406c40bbcd4ddf008bc8ac/sandbox/darwin-sandbox/36/execroot/ts_project_json/bazel-out/darwin-fastbuild/bin/packages/a/values.json' does not exist, skipping all lookups in it.
======== Module name './values.json' was not resolved. ========
bazel-out/darwin-fastbuild/bin/packages/a/index.d.ts(1,20): error TS2307: Cannot find module './values.json' or its corresponding type declarations.
TSFILE: /private/var/tmp/_bazel_ecem/67bf397ae4406c40bbcd4ddf008bc8ac/sandbox/darwin-sandbox/36/execroot/ts_project_json/bazel-out/darwin-fastbuild/bin/packages/b/index.js
TSFILE: /private/var/tmp/_bazel_ecem/67bf397ae4406c40bbcd4ddf008bc8ac/sandbox/darwin-sandbox/36/execroot/ts_project_json/bazel-out/darwin-fastbuild/bin/packages/b/index.d.ts
/private/var/tmp/_bazel_ecem/67bf397ae4406c40bbcd4ddf008bc8ac/sandbox/darwin-sandbox/36/execroot/ts_project_json/node_modules/typescript/lib/lib.es5.d.ts
/private/var/tmp/_bazel_ecem/67bf397ae4406c40bbcd4ddf008bc8ac/sandbox/darwin-sandbox/36/execroot/ts_project_json/node_modules/typescript/lib/lib.dom.d.ts
/private/var/tmp/_bazel_ecem/67bf397ae4406c40bbcd4ddf008bc8ac/sandbox/darwin-sandbox/36/execroot/ts_project_json/node_modules/typescript/lib/lib.es2015.core.d.ts
/private/var/tmp/_bazel_ecem/67bf397ae4406c40bbcd4ddf008bc8ac/sandbox/darwin-sandbox/36/execroot/ts_project_json/node_modules/typescript/lib/lib.es2015.collection.d.ts
/private/var/tmp/_bazel_ecem/67bf397ae4406c40bbcd4ddf008bc8ac/sandbox/darwin-sandbox/36/execroot/ts_project_json/node_modules/typescript/lib/lib.es2015.iterable.d.ts
/private/var/tmp/_bazel_ecem/67bf397ae4406c40bbcd4ddf008bc8ac/sandbox/darwin-sandbox/36/execroot/ts_project_json/node_modules/typescript/lib/lib.es2015.promise.d.ts
/private/var/tmp/_bazel_ecem/67bf397ae4406c40bbcd4ddf008bc8ac/sandbox/darwin-sandbox/36/execroot/ts_project_json/node_modules/typescript/lib/lib.es2015.symbol.d.ts
/private/var/tmp/_bazel_ecem/67bf397ae4406c40bbcd4ddf008bc8ac/sandbox/darwin-sandbox/36/execroot/ts_project_json/node_modules/typescript/lib/lib.es2017.object.d.ts
/private/var/tmp/_bazel_ecem/67bf397ae4406c40bbcd4ddf008bc8ac/sandbox/darwin-sandbox/36/execroot/ts_project_json/node_modules/typescript/lib/lib.es2018.promise.d.ts
/private/var/tmp/_bazel_ecem/67bf397ae4406c40bbcd4ddf008bc8ac/sandbox/darwin-sandbox/36/execroot/ts_project_json/bazel-out/darwin-fastbuild/bin/packages/a/index.d.ts
/private/var/tmp/_bazel_ecem/67bf397ae4406c40bbcd4ddf008bc8ac/sandbox/darwin-sandbox/36/execroot/ts_project_json/packages/b/index.ts
Files:                         11
Lines of Library:           26065
Lines of Definitions:           3
Lines of TypeScript:            6
Lines of JavaScript:            0
Lines of JSON:                  0
Lines of Other:                 0
Nodes of Library:          116851
Nodes of Definitions:          10
Nodes of TypeScript:           19
Nodes of JavaScript:            0
Nodes of JSON:                  0
Nodes of Other:                 0
Identifiers:                42704
Symbols:                    29242
Types:                      10349
Instantiations:              4646
Memory used:               76945K
Assignability cache size:    3636
Identity cache size:            0
Subtype cache size:             0
Strict subtype cache size:      0
I/O Read time:              0.02s
Parse time:                 0.42s
ResolveModule time:         0.01s
Program time:               0.46s
Bind time:                  0.16s
Check time:                 0.85s
transformTime time:         0.01s
commentTime time:           0.00s
I/O Write time:             0.00s
printTime time:             0.01s
Emit time:                  0.01s
Total time:                 1.48s
INFO: Elapsed time: 3.034s, Critical Path: 2.72s
INFO: 2 processes: 2 internal.
FAILED: Build did NOT complete successfully
FAILED: Build did NOT complete successfully
